Traceback (most recent call last):
  File "/usr/local/lib/python3.7/dist-packages/jupyter_cache/executors/utils.py", line 56, in single_nb_execution
    record_timing=False,
  File "/usr/local/lib/python3.7/dist-packages/nbclient/client.py", line 1204, in execute
    return NotebookClient(nb=nb, resources=resources, km=km, **kwargs).execute()
  File "/usr/local/lib/python3.7/dist-packages/nbclient/util.py", line 84, in wrapped
    return just_run(coro(*args, **kwargs))
  File "/usr/local/lib/python3.7/dist-packages/nbclient/util.py", line 62, in just_run
    return loop.run_until_complete(coro)
  File "/usr/lib/python3.7/asyncio/base_events.py", line 587, in run_until_complete
    return future.result()
  File "/usr/local/lib/python3.7/dist-packages/nbclient/client.py", line 664, in async_execute
    cell, index, execution_count=self.code_cells_executed + 1
  File "/usr/local/lib/python3.7/dist-packages/nbclient/client.py", line 965, in async_execute_cell
    await self._check_raise_for_error(cell, cell_index, exec_reply)
  File "/usr/local/lib/python3.7/dist-packages/nbclient/client.py", line 862, in _check_raise_for_error
    raise CellExecutionError.from_cell_and_msg(cell, exec_reply_content)
nbclient.exceptions.CellExecutionError: An error occurred while executing the following cell:
------------------
#plt the figure, setting a black background
plt.figure(figsize=(10,10))
#create the tree plot
a = tree.plot_tree(clf,
                   #use the feature names stored
                   feature_names = feature_names,
                   #use the class names stored
                   class_names = labels,
                   rounded = True,
                   filled = True,
                   fontsize=8)
#show the plot
plt.show()
------------------

[0;31m[0m
[0;31mNameError[0mTraceback (most recent call last)
[0;32m<ipython-input-4-0d1e3d0a8a06>[0m in [0;36m<module>[0;34m[0m
[1;32m      4[0m a = tree.plot_tree(clf,
[1;32m      5[0m                    [0;31m#use the feature names stored[0m[0;34m[0m[0;34m[0m[0;34m[0m[0m
[0;32m----> 6[0;31m                    [0mfeature_names[0m [0;34m=[0m [0mfeature_names[0m[0;34m,[0m[0;34m[0m[0;34m[0m[0m
[0m[1;32m      7[0m                    [0;31m#use the class names stored[0m[0;34m[0m[0;34m[0m[0;34m[0m[0m
[1;32m      8[0m                    [0mclass_names[0m [0;34m=[0m [0mlabels[0m[0;34m,[0m[0;34m[0m[0;34m[0m[0m

[0;31mNameError[0m: name 'feature_names' is not defined
NameError: name 'feature_names' is not defined

